[debug] [2025-05-26T13:39:55.712Z] ----------------------------------------------------------------------
[debug] [2025-05-26T13:39:55.713Z] Command:       /Users/deshan/.nvm/versions/node/v20.11.1/bin/node /Users/deshan/.nvm/versions/node/v20.11.1/bin/firebase use --add
[debug] [2025-05-26T13:39:55.713Z] CLI Version:   14.2.2
[debug] [2025-05-26T13:39:55.713Z] Platform:      darwin
[debug] [2025-05-26T13:39:55.713Z] Node Version:  v20.11.1
[debug] [2025-05-26T13:39:55.713Z] Time:          Mon May 26 2025 19:09:55 GMT+0530 (India Standard Time)
[debug] [2025-05-26T13:39:55.713Z] ----------------------------------------------------------------------
[debug] 
[debug] [2025-05-26T13:39:55.714Z] >>> [apiv2][query] GET https://firebase-public.firebaseio.com/cli.json [none]
[debug] [2025-05-26T13:39:55.794Z] > command requires scopes: ["email","openid","https://www.googleapis.com/auth/cloudplatformprojects.readonly","https://www.googleapis.com/auth/firebase","https://www.googleapis.com/auth/cloud-platform"]
[debug] [2025-05-26T13:39:55.794Z] > authorizing via signed-in user (oceans.deshan@gmail.com)
[debug] [2025-05-26T13:39:55.795Z] Checked if tokens are valid: false, expires at: 1747852300001
[debug] [2025-05-26T13:39:55.795Z] Checked if tokens are valid: false, expires at: 1747852300001
[debug] [2025-05-26T13:39:55.795Z] > refreshing access token with scopes: []
[debug] [2025-05-26T13:39:55.795Z] >>> [apiv2][query] POST https://www.googleapis.com/oauth2/v3/token [none]
[debug] [2025-05-26T13:39:55.795Z] >>> [apiv2][body] POST https://www.googleapis.com/oauth2/v3/token [omitted]
[debug] [2025-05-26T13:39:56.037Z] <<< [apiv2][status] POST https://www.googleapis.com/oauth2/v3/token 200
[debug] [2025-05-26T13:39:56.038Z] <<< [apiv2][body] POST https://www.googleapis.com/oauth2/v3/token [omitted]
[debug] [2025-05-26T13:39:56.053Z] >>> [apiv2][query] GET https://firebase.googleapis.com/v1beta1/projects pageSize=1000
[debug] [2025-05-26T13:39:56.420Z] <<< [apiv2][status] GET https://firebase-public.firebaseio.com/cli.json 200
[debug] [2025-05-26T13:39:56.420Z] <<< [apiv2][body] GET https://firebase-public.firebaseio.com/cli.json {"cloudBuildErrorAfter":1594252800000,"cloudBuildWarnAfter":1590019200000,"defaultNode10After":1594252800000,"minVersion":"3.0.5","node8DeploysDisabledAfter":1613390400000,"node8RuntimeDisabledAfter":1615809600000,"node8WarnAfter":1600128000000}
[debug] [2025-05-26T13:39:56.931Z] <<< [apiv2][status] GET https://firebase.googleapis.com/v1beta1/projects 200
[debug] [2025-05-26T13:39:56.931Z] <<< [apiv2][body] GET https://firebase.googleapis.com/v1beta1/projects [omitted]
